[debug] [2024-01-13T03:59:32.162Z] ----------------------------------------------------------------------
[debug] [2024-01-13T03:59:32.171Z] Command:       C:\Program Files\nodejs\node.exe C:\Users\cadev\AppData\Roaming\npm\node_modules\firebase-tools\lib\bin\firebase.js init
[debug] [2024-01-13T03:59:32.173Z] CLI Version:   13.0.3
[debug] [2024-01-13T03:59:32.174Z] Platform:      win32
[debug] [2024-01-13T03:59:32.175Z] Node Version:  v18.12.0
[debug] [2024-01-13T03:59:32.181Z] Time:          Sat Jan 13 2024 00:59:32 GMT-0300 (hora de verano de Chile)
[debug] [2024-01-13T03:59:32.181Z] ----------------------------------------------------------------------
[debug] 
[debug] [2024-01-13T03:59:32.220Z] > command requires scopes: ["email","openid","https://www.googleapis.com/auth/cloudplatformprojects.readonly","https://www.googleapis.com/auth/firebase","https://www.googleapis.com/auth/cloud-platform"]
[debug] [2024-01-13T03:59:32.223Z] > authorizing via signed-in user (cadevillajefferson@gmail.com)
[info] 
     ######## #### ########  ######## ########     ###     ######  ########
     ##        ##  ##     ## ##       ##     ##  ##   ##  ##       ##
     ######    ##  ########  ######   ########  #########  ######  ######
     ##        ##  ##    ##  ##       ##     ## ##     ##       ## ##
     ##       #### ##     ## ######## ########  ##     ##  ######  ########

You're about to initialize a Firebase project in this directory:

  C:\Users\cadev\OneDrive\Escritorio\Gestor Personal

[info] 
=== Project Setup
[info] 
[info] First, let's associate this project directory with a Firebase project.
[info] You can create multiple project aliases by running firebase use --add, 
[info] but for now we'll just set up a default project.
[info] 
